2025-12-04 12:22:48 | INFO     | app:lifespan:13 - Starting CTF Platform...
2025-12-04 12:22:48 | INFO     | app:lifespan:14 - Creating database tables...
2025-12-04 12:22:48 | SUCCESS  | app:lifespan:16 - Database initialized successfully!
2025-12-04 12:23:15 | INFO     | app:lifespan:21 - Shutting down CTF Platform...
2025-12-04 12:23:17 | INFO     | app:lifespan:13 - Starting CTF Platform...
2025-12-04 12:23:17 | INFO     | app:lifespan:14 - Creating database tables...
2025-12-04 12:23:17 | SUCCESS  | app:lifespan:16 - Database initialized successfully!
2025-12-04 12:23:33 | INFO     | app:lifespan:21 - Shutting down CTF Platform...
2025-12-04 12:23:36 | INFO     | app:lifespan:13 - Starting CTF Platform...
2025-12-04 12:23:36 | INFO     | app:lifespan:14 - Creating database tables...
2025-12-04 12:23:36 | SUCCESS  | app:lifespan:16 - Database initialized successfully!
2025-12-04 12:23:44 | INFO     | app:lifespan:21 - Shutting down CTF Platform...
2025-12-04 12:23:46 | INFO     | app:lifespan:13 - Starting CTF Platform...
2025-12-04 12:23:46 | INFO     | app:lifespan:14 - Creating database tables...
2025-12-04 12:23:46 | SUCCESS  | app:lifespan:16 - Database initialized successfully!
2025-12-04 12:27:13 | INFO     | app:lifespan:21 - Shutting down CTF Platform...
2025-12-04 12:27:16 | INFO     | app:lifespan:13 - Starting CTF Platform...
2025-12-04 12:27:16 | INFO     | app:lifespan:14 - Creating database tables...
2025-12-04 12:27:16 | SUCCESS  | app:lifespan:16 - Database initialized successfully!
2025-12-04 12:27:19 | INFO     | app:lifespan:13 - Starting CTF Platform...
2025-12-04 12:27:19 | INFO     | app:lifespan:14 - Creating database tables...
2025-12-04 12:27:19 | SUCCESS  | app:lifespan:16 - Database initialized successfully!
2025-12-04 12:27:22 | INFO     | app:lifespan:13 - Starting CTF Platform...
2025-12-04 12:27:22 | INFO     | app:lifespan:14 - Creating database tables...
2025-12-04 12:27:22 | SUCCESS  | app:lifespan:16 - Database initialized successfully!
2025-12-04 12:27:30 | INFO     | app:lifespan:21 - Shutting down CTF Platform...
2025-12-04 12:27:34 | INFO     | app:lifespan:13 - Starting CTF Platform...
2025-12-04 12:27:34 | INFO     | app:lifespan:14 - Creating database tables...
2025-12-04 12:27:34 | SUCCESS  | app:lifespan:16 - Database initialized successfully!
2025-12-04 12:32:29 | INFO     | app:lifespan:21 - Shutting down CTF Platform...
2025-12-04 12:32:31 | INFO     | app:lifespan:13 - Starting CTF Platform...
2025-12-04 12:32:31 | INFO     | app:lifespan:14 - Creating database tables...
2025-12-04 12:32:31 | SUCCESS  | app:lifespan:16 - Database initialized successfully!
2025-12-04 12:32:47 | INFO     | app:lifespan:21 - Shutting down CTF Platform...
2025-12-04 12:32:49 | INFO     | app:lifespan:13 - Starting CTF Platform...
2025-12-04 12:32:49 | INFO     | app:lifespan:14 - Creating database tables...
2025-12-04 12:32:49 | SUCCESS  | app:lifespan:16 - Database initialized successfully!
2025-12-04 12:32:51 | INFO     | app:lifespan:21 - Shutting down CTF Platform...
2025-12-04 12:32:53 | INFO     | app:lifespan:13 - Starting CTF Platform...
2025-12-04 12:32:53 | INFO     | app:lifespan:14 - Creating database tables...
2025-12-04 12:32:53 | SUCCESS  | app:lifespan:16 - Database initialized successfully!
2025-12-04 12:33:01 | INFO     | app:lifespan:21 - Shutting down CTF Platform...
2025-12-04 12:33:03 | INFO     | app:lifespan:18 - Starting CTF Platform...
2025-12-04 12:33:03 | INFO     | app:lifespan:19 - Creating database tables...
2025-12-04 12:33:03 | SUCCESS  | app:lifespan:21 - Database initialized successfully!
2025-12-04 12:33:03 | INFO     | app:lifespan:24 - Connecting to Proxmox...
2025-12-04 12:33:03 | INFO     | services.proxmox_service:connect:26 - Connecting to Proxmox at 192.168.1.100...
2025-12-04 12:33:10 | ERROR    | services.proxmox_service:connect:43 - ❌ Failed to connect to Proxmox: HTTPSConnectionPool(host='192.168.1.100', port=8006): Max retries exceeded with url: /api2/json/access/ticket (Caused by ConnectTimeoutError(<urllib3.connection.HTTPSConnection object at 0x000001F5C59D78C0>, 'Connection to 192.168.1.100 timed out. (connect timeout=5)'))
2025-12-04 12:33:10 | WARNING  | app:lifespan:28 - Failed to connect to Proxmox - some features will be unavailable
2025-12-04 12:33:39 | INFO     | app:lifespan:33 - Shutting down CTF Platform...
2025-12-04 12:33:41 | INFO     | app:lifespan:18 - Starting CTF Platform...
2025-12-04 12:33:41 | INFO     | app:lifespan:19 - Creating database tables...
2025-12-04 12:33:41 | SUCCESS  | app:lifespan:21 - Database initialized successfully!
2025-12-04 12:33:41 | INFO     | app:lifespan:24 - Connecting to Proxmox...
2025-12-04 12:33:41 | INFO     | services.proxmox_service:connect:26 - Connecting to Proxmox at 192.168.1.100...
2025-12-04 12:33:47 | ERROR    | services.proxmox_service:connect:43 - ❌ Failed to connect to Proxmox: HTTPSConnectionPool(host='192.168.1.100', port=8006): Max retries exceeded with url: /api2/json/access/ticket (Caused by ConnectTimeoutError(<urllib3.connection.HTTPSConnection object at 0x000001EF337C27B0>, 'Connection to 192.168.1.100 timed out. (connect timeout=5)'))
2025-12-04 12:33:47 | WARNING  | app:lifespan:28 - Failed to connect to Proxmox - some features will be unavailable
2025-12-04 12:35:01 | INFO     | app:lifespan:33 - Shutting down CTF Platform...
2025-12-04 12:35:03 | INFO     | app:lifespan:18 - Starting CTF Platform...
2025-12-04 12:35:03 | INFO     | app:lifespan:19 - Creating database tables...
2025-12-04 12:35:03 | SUCCESS  | app:lifespan:21 - Database initialized successfully!
2025-12-04 12:35:03 | INFO     | app:lifespan:24 - Connecting to Proxmox...
2025-12-04 12:35:03 | INFO     | services.proxmox_service:connect:26 - Connecting to Proxmox at 192.168.1.100...
2025-12-04 12:35:08 | ERROR    | services.proxmox_service:connect:42 - ❌ Failed to connect to Proxmox: HTTPSConnectionPool(host='192.168.1.100', port=8006): Max retries exceeded with url: /api2/json/access/ticket (Caused by ConnectTimeoutError(<urllib3.connection.HTTPSConnection object at 0x00000222796927B0>, 'Connection to 192.168.1.100 timed out. (connect timeout=5)'))
2025-12-04 12:35:08 | WARNING  | app:lifespan:28 - Failed to connect to Proxmox - some features will be unavailable
2025-12-04 12:35:10 | INFO     | app:lifespan:18 - Starting CTF Platform...
2025-12-04 12:35:10 | INFO     | app:lifespan:19 - Creating database tables...
2025-12-04 12:35:10 | SUCCESS  | app:lifespan:21 - Database initialized successfully!
2025-12-04 12:35:10 | INFO     | app:lifespan:24 - Connecting to Proxmox...
2025-12-04 12:35:10 | INFO     | services.proxmox_service:connect:26 - Connecting to Proxmox at 192.168.1.100...
2025-12-04 12:35:15 | ERROR    | services.proxmox_service:connect:42 - ❌ Failed to connect to Proxmox: HTTPSConnectionPool(host='192.168.1.100', port=8006): Max retries exceeded with url: /api2/json/access/ticket (Caused by ConnectTimeoutError(<urllib3.connection.HTTPSConnection object at 0x0000013918A8E900>, 'Connection to 192.168.1.100 timed out. (connect timeout=5)'))
2025-12-04 12:35:15 | WARNING  | app:lifespan:28 - Failed to connect to Proxmox - some features will be unavailable
2025-12-04 12:35:17 | INFO     | app:lifespan:33 - Shutting down CTF Platform...
2025-12-04 12:35:19 | INFO     | app:lifespan:18 - Starting CTF Platform...
2025-12-04 12:35:19 | INFO     | app:lifespan:19 - Creating database tables...
2025-12-04 12:35:19 | SUCCESS  | app:lifespan:21 - Database initialized successfully!
2025-12-04 12:35:19 | INFO     | app:lifespan:24 - Connecting to Proxmox...
2025-12-04 12:35:19 | INFO     | services.proxmox_service:connect:26 - Connecting to Proxmox at 192.168.1.100...
2025-12-04 12:35:25 | ERROR    | services.proxmox_service:connect:42 - ❌ Failed to connect to Proxmox: HTTPSConnectionPool(host='192.168.1.100', port=8006): Max retries exceeded with url: /api2/json/access/ticket (Caused by ConnectTimeoutError(<urllib3.connection.HTTPSConnection object at 0x0000020352CEE900>, 'Connection to 192.168.1.100 timed out. (connect timeout=5)'))
2025-12-04 12:35:25 | WARNING  | app:lifespan:28 - Failed to connect to Proxmox - some features will be unavailable
2025-12-04 12:40:15 | INFO     | __main__:test_proxmox:13 - ============================================================
2025-12-04 12:40:15 | INFO     | __main__:test_proxmox:14 - Testing Proxmox - List VMs
2025-12-04 12:40:15 | INFO     | __main__:test_proxmox:15 - ============================================================
2025-12-04 12:40:15 | INFO     | __main__:test_proxmox:18 - 
📋 Configuration:
2025-12-04 12:40:15 | INFO     | __main__:test_proxmox:19 -   Host: 100.104.24.85
2025-12-04 12:40:15 | INFO     | __main__:test_proxmox:20 -   User: root@pam
2025-12-04 12:40:15 | INFO     | __main__:test_proxmox:21 -   Node: pve
2025-12-04 12:40:15 | INFO     | __main__:test_proxmox:27 - 
🔌 Connecting to Proxmox...
2025-12-04 12:40:15 | INFO     | services.proxmox_service:connect:26 - Connecting to Proxmox at 100.104.24.85...
2025-12-04 12:40:16 | SUCCESS  | services.proxmox_service:connect:37 - ✅ Connected to Proxmox VE 9.1.1
2025-12-04 12:40:16 | INFO     | __main__:test_proxmox:37 - 
📋 Listing VMs/Containers...
2025-12-04 12:40:18 | INFO     | services.proxmox_service:list_vms:90 - Found 1 VMs/Containers
2025-12-04 12:40:18 | INFO     | __main__:test_proxmox:41 - 
✅ Found 1 VMs/Containers:

2025-12-04 12:40:18 | INFO     | __main__:test_proxmox:48 - 🟢 Running (1):
2025-12-04 12:40:18 | INFO     | __main__:test_proxmox:50 -    VMID 100: ubuntu-servertest              [qemu]
2025-12-04 12:40:18 | INFO     | __main__:test_proxmox:59 - 
============================================================
2025-12-04 12:40:18 | SUCCESS  | __main__:test_proxmox:60 - ✅ Test completed!
2025-12-04 12:40:18 | INFO     | __main__:test_proxmox:61 - ============================================================
